<?xml version="1.0" encoding="UTF-8"?>
<testng-results ignored="0" total="1" passed="1" failed="0" skipped="0">
  <reporter-output>
  </reporter-output>
  <suite started-at="2024-04-28T23:03:12 IST" name="Default suite" finished-at="2024-04-28T23:03:21 IST" duration-ms="8951">
    <groups>
    </groups>
    <test started-at="2024-04-28T23:03:12 IST" name="Default test" finished-at="2024-04-28T23:03:21 IST" duration-ms="8951">
      <class name="com.TestNGDemos.D09PomClient">
        <test-method is-config="true" signature="beforeTest()[pri:0, instance:com.TestNGDemos.D09PomClient@78691363]" started-at="2024-04-28T23:03:12 IST" name="beforeTest" finished-at="2024-04-28T23:03:18 IST" duration-ms="5742" status="PASS">
          <reporter-output>
          </reporter-output>
        </test-method> <!-- beforeTest -->
        <test-method signature="login()[pri:0, instance:com.TestNGDemos.D09PomClient@78691363]" started-at="2024-04-28T23:03:18 IST" name="login" finished-at="2024-04-28T23:03:20 IST" duration-ms="2167" status="PASS">
          <reporter-output>
          </reporter-output>
        </test-method> <!-- login -->
        <test-method is-config="true" signature="logout()[pri:0, instance:com.TestNGDemos.D09PomClient@78691363]" started-at="2024-04-28T23:03:20 IST" name="logout" finished-at="2024-04-28T23:03:21 IST" duration-ms="799" status="PASS">
          <reporter-output>
          </reporter-output>
        </test-method> <!-- logout -->
        <test-method is-config="true" signature="afterTest()[pri:0, instance:com.TestNGDemos.D09PomClient@78691363]" started-at="2024-04-28T23:03:21 IST" name="afterTest" finished-at="2024-04-28T23:03:21 IST" duration-ms="165" status="PASS">
          <reporter-output>
          </reporter-output>
        </test-method> <!-- afterTest -->
      </class> <!-- com.TestNGDemos.D09PomClient -->
    </test> <!-- Default test -->
  </suite> <!-- Default suite -->
</testng-results>
